Arguments: 
  C:\Program Files\nodejs\node.exe C:\Users\Ashish Khati\.node\corepack\yarn\1.22.15\bin\yarn.js add no-lockfile true

PATH: 
  C:\Program Files\Common Files\Oracle\Java\javapath;C:\Program Files (x86)\mingw-w64\i686-8.1.0-posix-dwarf-rt_v6-rev0\mingw32\bin;C:\Python310\Scripts\;C:\Python310\;C:\Windows\system32;C:\Windows;C:\Windows\System32\Wbem;C:\Windows\System32\WindowsPowerShell\v1.0\;C:\Windows\System32\OpenSSH\;C:\Program Files (x86)\NVIDIA Corporation\PhysX\Common;C:\Program Files\NVIDIA Corporation\NVIDIA NvDLISR;C:\Program Files\Git\cmd;C:\Program Files\MySQL\MySQL Server 8.0\bin;C:\Program Files (x86)\Microsoft SQL Server\150\Tools\Binn\;C:\Program Files\Microsoft SQL Server\150\Tools\Binn\;C:\Program Files (x86)\Microsoft SQL Server\150\DTS\Binn\;C:\Program Files\Microsoft SQL Server\150\DTS\Binn\;C:\Program Files\Microsoft SQL Server\Client SDK\ODBC\170\Tools\Binn\;C:\Program Files\Azure Data Studio\bin;C:\Program Files\dotnet\;C:\WINDOWS\system32;C:\WINDOWS;C:\WINDOWS\System32\Wbem;C:\WINDOWS\System32\WindowsPowerShell\v1.0\;C:\WINDOWS\System32\OpenSSH\;C:\Program Files\Microsoft SQL Server\130\Tools\Binn\;C:\Program Files (x86)\dotnet\;C:\Program Files\nodejs\;C:\ProgramData\chocolatey\bin;C:\Program Files\Java\jdk-18.0.2;C:\Program Files\Java\jdk-16.0.1;C:\Program Files\MongoDB\Server\6.0\bin;C:\Program Files\MongoDB\Server\6.0\mongosh-1.5.4-win32-x64\mongosh-1.5.4-win32-x64\bin;C:\Program Files\Java\jdk-19\bin;C:\Program Files (x86)\MySQL\MySQL Installer for Windows\mysql-connector-java-5.1.15-bin.jar;C:\Program Files\MySQL\MySQL Shell 8.0\bin\;C:\Users\Ashish Khati\AppData\Local\Microsoft\WindowsApps;C:\Program Files\JetBrains\IntelliJ IDEA Community Edition 2021.1.1\bin;C:\Users\Ashish Khati\AppData\Local\Programs\Microsoft VS Code\bin;C:\Program Files\Azure Data Studio\bin;C:\Users\Ashish Khati\.dotnet\tools;C:\Users\Ashish Khati\AppData\Roaming\npm;C:\Program Files\nodejs;C:\ProgramData\Ashish Khati\atom\bin;C:\Program Files\MongoDB\Server\6.0\bin;C:\Program Files\MongoDB\Server\6.0\mongosh-1.5.4-win32-x64\mongosh-1.5.4-win32-x64\bin;;%USERPROFILE%\AppData\Local\Microsoft\WindowsApps

Yarn version: 
  1.22.15

Node version: 
  16.13.2

Platform: 
  win32 x64

Trace: 
  Error: https://registry.yarnpkg.com/no-lockfile: Not found
      at Request.params.callback [as _callback] (C:\Users\Ashish Khati\.node\corepack\yarn\1.22.15\lib\cli.js:66140:18)
      at Request.self.callback (C:\Users\Ashish Khati\.node\corepack\yarn\1.22.15\lib\cli.js:140885:22)
      at Request.emit (node:events:390:28)
      at Request.<anonymous> (C:\Users\Ashish Khati\.node\corepack\yarn\1.22.15\lib\cli.js:141857:10)
      at Request.emit (node:events:390:28)
      at IncomingMessage.<anonymous> (C:\Users\Ashish Khati\.node\corepack\yarn\1.22.15\lib\cli.js:141779:12)
      at Object.onceWrapper (node:events:509:28)
      at IncomingMessage.emit (node:events:402:35)
      at endReadableNT (node:internal/streams/readable:1343:12)
      at processTicksAndRejections (node:internal/process/task_queues:83:21)

npm manifest: 
  {
    "name": "server",
    "version": "1.0.0",
    "description": "",
    "main": "index.js",
    "scripts": {
      "start":"node app.js",
      "server":"nodemon app.js",
      "dev":"npm start"
    },
    "keywords": [],
    "author": "",
    "license": "ISC",
    "dependencies": {
      "cors": "^2.8.5",
      "dotenv": "^16.0.3",
      "express": "^4.18.2",
      "mongoose": "^7.0.2",
      "nodemon": "^2.0.21"
    }
  }

yarn manifest: 
  No manifest

Lockfile: 
  No lockfile
